
Warming up...
Eval epoch 0: Reward 4.0
Epoch 0: Loss 2.73, Reward 3.0, Avgloss 2.73, Avgreward 3.00, Epsilon 90.77, TotalStep 207
Epoch 1: Loss 1.68, Reward 3.0, Avgloss 2.20, Avgreward 3.00, Epsilon 90.53, TotalStep 414
Epoch 2: Loss 3.15, Reward 7.0, Avgloss 2.52, Avgreward 4.33, Epsilon 90.16, TotalStep 744
Epoch 3: Loss 2.34, Reward 7.0, Avgloss 2.48, Avgreward 5.00, Epsilon 89.87, TotalStep 1002
Epoch 4: Loss 2.64, Reward 6.0, Avgloss 2.51, Avgreward 5.20, Epsilon 89.58, TotalStep 1261
Epoch 5: Loss 2.06, Reward 3.0, Avgloss 2.43, Avgreward 4.83, Epsilon 89.32, TotalStep 1500
Epoch 6: Loss 2.70, Reward 4.0, Avgloss 2.47, Avgreward 4.71, Epsilon 89.04, TotalStep 1748
Epoch 7: Loss 2.17, Reward 5.0, Avgloss 2.43, Avgreward 4.75, Epsilon 88.82, TotalStep 1950
Epoch 8: Loss 2.26, Reward 4.0, Avgloss 2.41, Avgreward 4.67, Epsilon 88.59, TotalStep 2155
Epoch 9: Loss 2.90, Reward 8.0, Avgloss 2.46, Avgreward 5.00, Epsilon 88.28, TotalStep 2435
Epoch 10: Loss 2.78, Reward 4.0, Avgloss 2.49, Avgreward 4.91, Epsilon 87.99, TotalStep 2703
Epoch 11: Loss 2.23, Reward 3.0, Avgloss 2.47, Avgreward 4.75, Epsilon 87.75, TotalStep 2924
Epoch 12: Loss 2.59, Reward 4.0, Avgloss 2.48, Avgreward 4.69, Epsilon 87.44, TotalStep 3201
Epoch 13: Loss 1.95, Reward 2.0, Avgloss 2.44, Avgreward 4.50, Epsilon 87.22, TotalStep 3410
Epoch 14: Loss 2.19, Reward 3.0, Avgloss 2.43, Avgreward 4.40, Epsilon 87.00, TotalStep 3611
Epoch 15: Loss 2.24, Reward 5.0, Avgloss 2.41, Avgreward 4.44, Epsilon 86.77, TotalStep 3819
Epoch 16: Loss 1.83, Reward 2.0, Avgloss 2.38, Avgreward 4.29, Epsilon 86.55, TotalStep 4022
Epoch 17: Loss 2.64, Reward 4.0, Avgloss 2.39, Avgreward 4.28, Epsilon 86.29, TotalStep 4266
Epoch 18: Loss 3.29, Reward 8.0, Avgloss 2.44, Avgreward 4.47, Epsilon 85.88, TotalStep 4649
Epoch 19: Loss 3.22, Reward 6.0, Avgloss 2.48, Avgreward 4.55, Epsilon 85.55, TotalStep 4955
Epoch 20: Loss 3.09, Reward 4.0, Avgloss 2.51, Avgreward 4.52, Epsilon 85.23, TotalStep 5261
Epoch 21: Loss 2.08, Reward 2.0, Avgloss 2.49, Avgreward 4.41, Epsilon 85.01, TotalStep 5469
Epoch 22: Loss 2.21, Reward 2.0, Avgloss 2.48, Avgreward 4.30, Epsilon 84.79, TotalStep 5678
Epoch 23: Loss 1.95, Reward 2.0, Avgloss 2.46, Avgreward 4.21, Epsilon 84.57, TotalStep 5888
Epoch 24: Loss 1.94, Reward 2.0, Avgloss 2.43, Avgreward 4.12, Epsilon 84.36, TotalStep 6087
Epoch 25: Loss 2.15, Reward 2.0, Avgloss 2.42, Avgreward 4.04, Epsilon 84.13, TotalStep 6298
Epoch 26: Loss 2.11, Reward 3.0, Avgloss 2.41, Avgreward 4.00, Epsilon 83.92, TotalStep 6508
Epoch 27: Loss 2.73, Reward 5.0, Avgloss 2.42, Avgreward 4.04, Epsilon 83.59, TotalStep 6815
Epoch 28: Loss 2.73, Reward 6.0, Avgloss 2.43, Avgreward 4.10, Epsilon 83.30, TotalStep 7096
Epoch 29: Loss 1.74, Reward 2.0, Avgloss 2.41, Avgreward 4.03, Epsilon 83.08, TotalStep 7307
Epoch 30: Loss 1.98, Reward 4.0, Avgloss 2.40, Avgreward 4.03, Epsilon 82.88, TotalStep 7508
Epoch 31: Loss 2.19, Reward 4.0, Avgloss 2.39, Avgreward 4.03, Epsilon 82.67, TotalStep 7712
Epoch 32: Loss 1.98, Reward 6.0, Avgloss 2.38, Avgreward 4.09, Epsilon 82.45, TotalStep 7921
Epoch 33: Loss 1.98, Reward 4.0, Avgloss 2.37, Avgreward 4.09, Epsilon 82.24, TotalStep 8128
Epoch 34: Loss 2.13, Reward 3.0, Avgloss 2.36, Avgreward 4.06, Epsilon 82.03, TotalStep 8334
Epoch 35: Loss 3.14, Reward 4.0, Avgloss 2.38, Avgreward 4.06, Epsilon 81.75, TotalStep 8611
Epoch 36: Loss 1.93, Reward 5.0, Avgloss 2.37, Avgreward 4.08, Epsilon 81.53, TotalStep 8826
Epoch 37: Loss 2.77, Reward 4.0, Avgloss 2.38, Avgreward 4.08, Epsilon 81.27, TotalStep 9077
Epoch 38: Loss 2.80, Reward 5.0, Avgloss 2.39, Avgreward 4.10, Epsilon 80.99, TotalStep 9356
Epoch 39: Loss 2.38, Reward 3.0, Avgloss 2.39, Avgreward 4.08, Epsilon 80.73, TotalStep 9610
Epoch 40: Loss 2.07, Reward 1.0, Avgloss 2.38, Avgreward 4.00, Epsilon 80.52, TotalStep 9823
Epoch 41: Loss 2.74, Reward 8.0, Avgloss 2.39, Avgreward 4.10, Epsilon 80.24, TotalStep 10105
Epoch 42: Loss 2.47, Reward 3.0, Avgloss 2.39, Avgreward 4.07, Epsilon 79.96, TotalStep 10382
Epoch 43: Loss 1.90, Reward 5.0, Avgloss 2.38, Avgreward 4.09, Epsilon 79.73, TotalStep 10615
Epoch 44: Loss 1.92, Reward 2.0, Avgloss 2.37, Avgreward 4.04, Epsilon 79.53, TotalStep 10817
Epoch 45: Loss 2.35, Reward 5.0, Avgloss 2.37, Avgreward 4.07, Epsilon 79.30, TotalStep 11053
Epoch 46: Loss 1.92, Reward 3.0, Avgloss 2.36, Avgreward 4.04, Epsilon 79.11, TotalStep 11242
Epoch 47: Loss 2.11, Reward 4.0, Avgloss 2.36, Avgreward 4.04, Epsilon 78.90, TotalStep 11455
Epoch 48: Loss 1.96, Reward 2.0, Avgloss 2.35, Avgreward 4.00, Epsilon 78.69, TotalStep 11671
Epoch 49: Loss 2.86, Reward 7.0, Avgloss 2.36, Avgreward 4.06, Epsilon 78.42, TotalStep 11948
Epoch 50: Loss 2.94, Reward 7.0, Avgloss 2.37, Avgreward 4.12, Epsilon 78.13, TotalStep 12247
Epoch 51: Loss 2.14, Reward 3.0, Avgloss 2.36, Avgreward 4.10, Epsilon 77.93, TotalStep 12449
Epoch 52: Loss 2.01, Reward 3.0, Avgloss 2.36, Avgreward 4.08, Epsilon 77.72, TotalStep 12661
Epoch 53: Loss 2.16, Reward 1.0, Avgloss 2.35, Avgreward 4.02, Epsilon 77.51, TotalStep 12884
Epoch 54: Loss 1.98, Reward 5.0, Avgloss 2.35, Avgreward 4.04, Epsilon 77.31, TotalStep 13087
Epoch 55: Loss 2.22, Reward 3.0, Avgloss 2.35, Avgreward 4.02, Epsilon 77.10, TotalStep 13308
Epoch 56: Loss 3.10, Reward 8.0, Avgloss 2.36, Avgreward 4.09, Epsilon 76.80, TotalStep 13620
Epoch 57: Loss 2.77, Reward 3.0, Avgloss 2.37, Avgreward 4.07, Epsilon 76.55, TotalStep 13878
Epoch 58: Loss 2.84, Reward 5.0, Avgloss 2.37, Avgreward 4.08, Epsilon 76.29, TotalStep 14158
Epoch 59: Loss 2.27, Reward 4.0, Avgloss 2.37, Avgreward 4.08, Epsilon 76.09, TotalStep 14371
Epoch 60: Loss 2.21, Reward 1.0, Avgloss 2.37, Avgreward 4.03, Epsilon 75.89, TotalStep 14577
Epoch 61: Loss 2.13, Reward 3.0, Avgloss 2.37, Avgreward 4.02, Epsilon 75.70, TotalStep 14775
Epoch 62: Loss 2.48, Reward 5.0, Avgloss 2.37, Avgreward 4.03, Epsilon 75.46, TotalStep 15034
Epoch 63: Loss 3.17, Reward 4.0, Avgloss 2.38, Avgreward 4.03, Epsilon 75.20, TotalStep 15314
Epoch 64: Loss 2.02, Reward 4.0, Avgloss 2.37, Avgreward 4.03, Epsilon 75.01, TotalStep 15510
Epoch 65: Loss 2.19, Reward 1.0, Avgloss 2.37, Avgreward 3.98, Epsilon 74.82, TotalStep 15716
Epoch 66: Loss 2.12, Reward 3.0, Avgloss 2.37, Avgreward 3.97, Epsilon 74.63, TotalStep 15926
Epoch 67: Loss 3.49, Reward 6.0, Avgloss 2.38, Avgreward 4.00, Epsilon 74.30, TotalStep 16273
Epoch 68: Loss 3.07, Reward 7.0, Avgloss 2.39, Avgreward 4.04, Epsilon 74.03, TotalStep 16571
Epoch 69: Loss 3.30, Reward 8.0, Avgloss 2.41, Avgreward 4.10, Epsilon 73.72, TotalStep 16912
Epoch 70: Loss 2.03, Reward 3.0, Avgloss 2.40, Avgreward 4.08, Epsilon 73.53, TotalStep 17114
Epoch 71: Loss 2.31, Reward 6.0, Avgloss 2.40, Avgreward 4.11, Epsilon 73.33, TotalStep 17329
Epoch 72: Loss 3.66, Reward 6.0, Avgloss 2.42, Avgreward 4.14, Epsilon 73.02, TotalStep 17672
Epoch 73: Loss 2.87, Reward 4.0, Avgloss 2.42, Avgreward 4.14, Epsilon 72.80, TotalStep 17920
Epoch 74: Loss 3.67, Reward 6.0, Avgloss 2.44, Avgreward 4.16, Epsilon 72.49, TotalStep 18259
Epoch 75: Loss 2.95, Reward 3.0, Avgloss 2.45, Avgreward 4.14, Epsilon 72.24, TotalStep 18534
Epoch 76: Loss 2.41, Reward 4.0, Avgloss 2.45, Avgreward 4.14, Epsilon 72.04, TotalStep 18760
Epoch 77: Loss 2.28, Reward 1.0, Avgloss 2.44, Avgreward 4.10, Epsilon 71.85, TotalStep 18967
Epoch 78: Loss 2.16, Reward 5.0, Avgloss 2.44, Avgreward 4.11, Epsilon 71.68, TotalStep 19164
Epoch 79: Loss 2.24, Reward 3.0, Avgloss 2.44, Avgreward 4.10, Epsilon 71.50, TotalStep 19362
Epoch 80: Loss 2.15, Reward 3.0, Avgloss 2.44, Avgreward 4.09, Epsilon 71.32, TotalStep 19562
Epoch 81: Loss 2.23, Reward 3.0, Avgloss 2.43, Avgreward 4.07, Epsilon 71.13, TotalStep 19774
Epoch 82: Loss 2.41, Reward 3.0, Avgloss 2.43, Avgreward 4.06, Epsilon 70.95, TotalStep 19984
Epoch 83: Loss 2.38, Reward 1.0, Avgloss 2.43, Avgreward 4.02, Epsilon 70.76, TotalStep 20200
Epoch 84: Loss 2.24, Reward 2.0, Avgloss 2.43, Avgreward 4.00, Epsilon 70.58, TotalStep 20400
Epoch 85: Loss 2.87, Reward 8.0, Avgloss 2.43, Avgreward 4.05, Epsilon 70.36, TotalStep 20650
Epoch 86: Loss 3.41, Reward 7.0, Avgloss 2.45, Avgreward 4.08, Epsilon 70.06, TotalStep 20994
Epoch 87: Loss 2.88, Reward 5.0, Avgloss 2.45, Avgreward 4.09, Epsilon 69.84, TotalStep 21248
Epoch 88: Loss 1.76, Reward 3.0, Avgloss 2.44, Avgreward 4.08, Epsilon 69.69, TotalStep 21419
Epoch 89: Loss 2.43, Reward 3.0, Avgloss 2.44, Avgreward 4.07, Epsilon 69.52, TotalStep 21622
Epoch 90: Loss 2.14, Reward 5.0, Avgloss 2.44, Avgreward 4.08, Epsilon 69.33, TotalStep 21837
Epoch 91: Loss 2.94, Reward 6.0, Avgloss 2.44, Avgreward 4.10, Epsilon 69.07, TotalStep 22142
Epoch 92: Loss 3.90, Reward 9.0, Avgloss 2.46, Avgreward 4.15, Epsilon 68.74, TotalStep 22517
Epoch 93: Loss 3.23, Reward 6.0, Avgloss 2.47, Avgreward 4.17, Epsilon 68.51, TotalStep 22791
Epoch 94: Loss 2.47, Reward 4.0, Avgloss 2.47, Avgreward 4.17, Epsilon 68.34, TotalStep 22994
Epoch 95: Loss 5.16, Reward 14.0, Avgloss 2.50, Avgreward 4.27, Epsilon 67.96, TotalStep 23435
Epoch 96: Loss 3.39, Reward 7.0, Avgloss 2.51, Avgreward 4.30, Epsilon 67.70, TotalStep 23743
Epoch 97: Loss 2.58, Reward 4.0, Avgloss 2.51, Avgreward 4.30, Epsilon 67.53, TotalStep 23952
Epoch 98: Loss 3.26, Reward 7.0, Avgloss 2.51, Avgreward 4.32, Epsilon 67.29, TotalStep 24234
Epoch 99: Loss 3.16, Reward 5.0, Avgloss 2.52, Avgreward 4.33, Epsilon 67.08, TotalStep 24486
Epoch 100: Loss 4.07, Reward 11.0, Avgloss 2.53, Avgreward 4.41, Epsilon 66.80, TotalStep 24827
Epoch 101: Loss 3.86, Reward 9.0, Avgloss 2.56, Avgreward 4.47, Epsilon 66.50, TotalStep 25177
Epoch 102: Loss 3.26, Reward 4.0, Avgloss 2.56, Avgreward 4.44, Epsilon 66.28, TotalStep 25452
Epoch 103: Loss 3.14, Reward 6.0, Avgloss 2.57, Avgreward 4.43, Epsilon 66.05, TotalStep 25728
Epoch 104: Loss 2.19, Reward 3.0, Avgloss 2.56, Avgreward 4.40, Epsilon 65.88, TotalStep 25938
Epoch 105: Loss 2.32, Reward 4.0, Avgloss 2.56, Avgreward 4.41, Epsilon 65.71, TotalStep 26136
Epoch 106: Loss 2.51, Reward 4.0, Avgloss 2.56, Avgreward 4.41, Epsilon 65.53, TotalStep 26359
Epoch 107: Loss 3.98, Reward 7.0, Avgloss 2.58, Avgreward 4.43, Epsilon 65.30, TotalStep 26644
Epoch 108: Loss 2.47, Reward 3.0, Avgloss 2.58, Avgreward 4.42, Epsilon 65.12, TotalStep 26869
Epoch 109: Loss 2.79, Reward 4.0, Avgloss 2.58, Avgreward 4.38, Epsilon 64.95, TotalStep 27072
Epoch 110: Loss 3.09, Reward 4.0, Avgloss 2.58, Avgreward 4.38, Epsilon 64.76, TotalStep 27311
Epoch 111: Loss 2.58, Reward 3.0, Avgloss 2.59, Avgreward 4.38, Epsilon 64.59, TotalStep 27518
Epoch 112: Loss 3.51, Reward 5.0, Avgloss 2.60, Avgreward 4.39, Epsilon 64.39, TotalStep 27770
Epoch 113: Loss 2.50, Reward 3.0, Avgloss 2.60, Avgreward 4.40, Epsilon 64.23, TotalStep 27975
Epoch 114: Loss 2.62, Reward 2.0, Avgloss 2.61, Avgreward 4.39, Epsilon 64.07, TotalStep 28174
Epoch 115: Loss 2.86, Reward 1.0, Avgloss 2.61, Avgreward 4.35, Epsilon 63.89, TotalStep 28394
Epoch 116: Loss 2.60, Reward 2.0, Avgloss 2.62, Avgreward 4.35, Epsilon 63.73, TotalStep 28601
Epoch 117: Loss 3.46, Reward 6.0, Avgloss 2.63, Avgreward 4.37, Epsilon 63.51, TotalStep 28871
Epoch 118: Loss 2.54, Reward 4.0, Avgloss 2.62, Avgreward 4.33, Epsilon 63.34, TotalStep 29086
Epoch 119: Loss 3.07, Reward 6.0, Avgloss 2.62, Avgreward 4.33, Epsilon 63.15, TotalStep 29335
Epoch 120: Loss 2.33, Reward 3.0, Avgloss 2.61, Avgreward 4.32, Epsilon 63.01, TotalStep 29516
Epoch 121: Loss 2.79, Reward 3.0, Avgloss 2.62, Avgreward 4.33, Epsilon 62.85, TotalStep 29721
Epoch 122: Loss 2.35, Reward 6.0, Avgloss 2.62, Avgreward 4.37, Epsilon 62.68, TotalStep 29934
Epoch 123: Loss 3.35, Reward 4.0, Avgloss 2.63, Avgreward 4.39, Epsilon 62.46, TotalStep 30209
Epoch 124: Loss 2.57, Reward 2.0, Avgloss 2.64, Avgreward 4.39, Epsilon 62.30, TotalStep 30422
Epoch 125: Loss 2.57, Reward 4.0, Avgloss 2.64, Avgreward 4.41, Epsilon 62.14, TotalStep 30630
Epoch 126: Loss 4.50, Reward 7.0, Avgloss 2.67, Avgreward 4.45, Epsilon 61.86, TotalStep 30994
Epoch 127: Loss 2.57, Reward 2.0, Avgloss 2.67, Avgreward 4.42, Epsilon 61.70, TotalStep 31199
Epoch 128: Loss 2.73, Reward 3.0, Avgloss 2.67, Avgreward 4.39, Epsilon 61.54, TotalStep 31402
Epoch 129: Loss 3.02, Reward 6.0, Avgloss 2.68, Avgreward 4.43, Epsilon 61.36, TotalStep 31640
Epoch 130: Loss 2.78, Reward 6.0, Avgloss 2.69, Avgreward 4.45, Epsilon 61.20, TotalStep 31856
Epoch 131: Loss 3.15, Reward 5.0, Avgloss 2.70, Avgreward 4.46, Epsilon 61.00, TotalStep 32112
Epoch 132: Loss 3.24, Reward 7.0, Avgloss 2.71, Avgreward 4.47, Epsilon 60.81, TotalStep 32367
Epoch 133: Loss 3.23, Reward 5.0, Avgloss 2.72, Avgreward 4.48, Epsilon 60.62, TotalStep 32618
Epoch 134: Loss 2.76, Reward 2.0, Avgloss 2.73, Avgreward 4.47, Epsilon 60.46, TotalStep 32823
Epoch 135: Loss 2.84, Reward 4.0, Avgloss 2.73, Avgreward 4.47, Epsilon 60.30, TotalStep 33041
Epoch 136: Loss 1.99, Reward 3.0, Avgloss 2.73, Avgreward 4.45, Epsilon 60.17, TotalStep 33210
Epoch 137: Loss 2.62, Reward 2.0, Avgloss 2.72, Avgreward 4.43, Epsilon 60.03, TotalStep 33406
Epoch 138: Loss 3.74, Reward 5.0, Avgloss 2.73, Avgreward 4.43, Epsilon 59.82, TotalStep 33677
Epoch 139: Loss 2.96, Reward 7.0, Avgloss 2.74, Avgreward 4.47, Epsilon 59.67, TotalStep 33887
Epoch 140: Loss 3.32, Reward 2.0, Avgloss 2.75, Avgreward 4.48, Epsilon 59.50, TotalStep 34109
Epoch 141: Loss 4.69, Reward 7.0, Avgloss 2.77, Avgreward 4.47, Epsilon 59.22, TotalStep 34489
Epoch 142: Loss 2.92, Reward 2.0, Avgloss 2.78, Avgreward 4.46, Epsilon 59.07, TotalStep 34697
Epoch 143: Loss 2.50, Reward 5.0, Avgloss 2.78, Avgreward 4.46, Epsilon 58.92, TotalStep 34901
Epoch 144: Loss 2.62, Reward 2.0, Avgloss 2.79, Avgreward 4.46, Epsilon 58.77, TotalStep 35106
Epoch 145: Loss 2.56, Reward 3.0, Avgloss 2.79, Avgreward 4.44, Epsilon 58.61, TotalStep 35329
Epoch 146: Loss 4.55, Reward 8.0, Avgloss 2.82, Avgreward 4.49, Epsilon 58.38, TotalStep 35633
Epoch 147: Loss 2.94, Reward 3.0, Avgloss 2.83, Avgreward 4.48, Epsilon 58.23, TotalStep 35844
Epoch 148: Loss 3.06, Reward 2.0, Avgloss 2.84, Avgreward 4.48, Epsilon 58.08, TotalStep 36049
Epoch 149: Loss 4.14, Reward 9.0, Avgloss 2.85, Avgreward 4.50, Epsilon 57.83, TotalStep 36393
Epoch 150: Loss 2.78, Reward 0.0, Avgloss 2.85, Avgreward 4.43, Epsilon 57.69, TotalStep 36595
Epoch 151: Loss 2.69, Reward 3.0, Avgloss 2.85, Avgreward 4.43, Epsilon 57.53, TotalStep 36811
Epoch 152: Loss 2.88, Reward 4.0, Avgloss 2.86, Avgreward 4.44, Epsilon 57.39, TotalStep 37018
Epoch 153: Loss 2.72, Reward 4.0, Avgloss 2.87, Avgreward 4.47, Epsilon 57.25, TotalStep 37215
Epoch 154: Loss 3.28, Reward 5.0, Avgloss 2.88, Avgreward 4.47, Epsilon 57.08, TotalStep 37454
Epoch 155: Loss 2.39, Reward 1.0, Avgloss 2.88, Avgreward 4.45, Epsilon 56.93, TotalStep 37658
Epoch 156: Loss 2.61, Reward 3.0, Avgloss 2.88, Avgreward 4.40, Epsilon 56.78, TotalStep 37865
Epoch 157: Loss 2.72, Reward 4.0, Avgloss 2.88, Avgreward 4.41, Epsilon 56.64, TotalStep 38070
Epoch 158: Loss 3.31, Reward 5.0, Avgloss 2.88, Avgreward 4.41, Epsilon 56.47, TotalStep 38310
Epoch 159: Loss 2.88, Reward 3.0, Avgloss 2.89, Avgreward 4.40, Epsilon 56.31, TotalStep 38544
Epoch 160: Loss 3.41, Reward 6.0, Avgloss 2.90, Avgreward 4.45, Epsilon 56.12, TotalStep 38804
Epoch 161: Loss 2.66, Reward 3.0, Avgloss 2.91, Avgreward 4.45, Epsilon 55.98, TotalStep 39015
Epoch 162: Loss 2.82, Reward 3.0, Avgloss 2.91, Avgreward 4.43, Epsilon 55.84, TotalStep 39216
Epoch 163: Loss 2.96, Reward 6.0, Avgloss 2.91, Avgreward 4.45, Epsilon 55.67, TotalStep 39453
Epoch 164: Loss 2.90, Reward 4.0, Avgloss 2.92, Avgreward 4.45, Epsilon 55.51, TotalStep 39689
Epoch 165: Loss 3.27, Reward 3.0, Avgloss 2.93, Avgreward 4.47, Epsilon 55.37, TotalStep 39892
Epoch 166: Loss 2.55, Reward 2.0, Avgloss 2.93, Avgreward 4.46, Epsilon 55.23, TotalStep 40093
Epoch 167: Loss 2.61, Reward 1.0, Avgloss 2.92, Avgreward 4.41, Epsilon 55.09, TotalStep 40301
Epoch 168: Loss 3.49, Reward 4.0, Avgloss 2.93, Avgreward 4.38, Epsilon 54.90, TotalStep 40573
Epoch 169: Loss 3.81, Reward 5.0, Avgloss 2.93, Avgreward 4.35, Epsilon 54.73, TotalStep 40829
Epoch 170: Loss 3.84, Reward 10.0, Avgloss 2.95, Avgreward 4.42, Epsilon 54.52, TotalStep 41130
Epoch 171: Loss 2.74, Reward 1.0, Avgloss 2.95, Avgreward 4.37, Epsilon 54.39, TotalStep 41327
Epoch 172: Loss 3.64, Reward 5.0, Avgloss 2.95, Avgreward 4.36, Epsilon 54.20, TotalStep 41601
Epoch 173: Loss 2.58, Reward 3.0, Avgloss 2.95, Avgreward 4.35, Epsilon 54.05, TotalStep 41824
Epoch 174: Loss 2.28, Reward 2.0, Avgloss 2.94, Avgreward 4.31, Epsilon 53.94, TotalStep 41995
Epoch 175: Loss 4.39, Reward 10.0, Avgloss 2.95, Avgreward 4.38, Epsilon 53.71, TotalStep 42338
Epoch 176: Loss 2.85, Reward 2.0, Avgloss 2.96, Avgreward 4.36, Epsilon 53.58, TotalStep 42529
Epoch 177: Loss 2.56, Reward 2.0, Avgloss 2.96, Avgreward 4.37, Epsilon 53.44, TotalStep 42735
Epoch 178: Loss 2.82, Reward 5.0, Avgloss 2.96, Avgreward 4.37, Epsilon 53.29, TotalStep 42957
Epoch 179: Loss 2.74, Reward 5.0, Avgloss 2.97, Avgreward 4.39, Epsilon 53.16, TotalStep 43165
Epoch 180: Loss 3.14, Reward 3.0, Avgloss 2.98, Avgreward 4.39, Epsilon 53.01, TotalStep 43387
Epoch 181: Loss 2.87, Reward 2.0, Avgloss 2.99, Avgreward 4.38, Epsilon 52.87, TotalStep 43594
Epoch 182: Loss 2.56, Reward 4.0, Avgloss 2.99, Avgreward 4.39, Epsilon 52.76, TotalStep 43774
Epoch 183: Loss 3.18, Reward 5.0, Avgloss 3.00, Avgreward 4.43, Epsilon 52.60, TotalStep 44017
Epoch 184: Loss 3.73, Reward 7.0, Avgloss 3.01, Avgreward 4.48, Epsilon 52.42, TotalStep 44291
Epoch 185: Loss 2.52, Reward 1.0, Avgloss 3.01, Avgreward 4.41, Epsilon 52.29, TotalStep 44489
Epoch 186: Loss 2.35, Reward 3.0, Avgloss 3.00, Avgreward 4.37, Epsilon 52.15, TotalStep 44697
Epoch 187: Loss 2.99, Reward 2.0, Avgloss 3.00, Avgreward 4.34, Epsilon 52.02, TotalStep 44897
Epoch 188: Loss 3.03, Reward 3.0, Avgloss 3.01, Avgreward 4.34, Epsilon 51.89, TotalStep 45101
Epoch 189: Loss 3.15, Reward 3.0, Avgloss 3.02, Avgreward 4.34, Epsilon 51.75, TotalStep 45325
Epoch 190: Loss 4.28, Reward 7.0, Avgloss 3.04, Avgreward 4.36, Epsilon 51.55, TotalStep 45635
Epoch 191: Loss 4.09, Reward 5.0, Avgloss 3.05, Avgreward 4.35, Epsilon 51.35, TotalStep 45942
Epoch 192: Loss 4.96, Reward 12.0, Avgloss 3.06, Avgreward 4.38, Epsilon 51.11, TotalStep 46321
Epoch 193: Loss 3.55, Reward 3.0, Avgloss 3.06, Avgreward 4.35, Epsilon 50.94, TotalStep 46590
Epoch 194: Loss 2.92, Reward 0.0, Avgloss 3.07, Avgreward 4.31, Epsilon 50.81, TotalStep 46796
Epoch 195: Loss 3.09, Reward 3.0, Avgloss 3.05, Avgreward 4.20, Epsilon 50.67, TotalStep 47009
Epoch 196: Loss 4.84, Reward 7.0, Avgloss 3.06, Avgreward 4.20, Epsilon 50.47, TotalStep 47335
Epoch 197: Loss 4.88, Reward 9.0, Avgloss 3.09, Avgreward 4.25, Epsilon 50.24, TotalStep 47696
Epoch 198: Loss 2.40, Reward 2.0, Avgloss 3.08, Avgreward 4.20, Epsilon 50.11, TotalStep 47905
Epoch 199: Loss 3.08, Reward 2.0, Avgloss 3.08, Avgreward 4.17, Epsilon 49.98, TotalStep 48113
Epoch 200: Loss 3.60, Reward 6.0, Avgloss 3.07, Avgreward 4.12, Epsilon 49.83, TotalStep 48350
Epoch 201: Loss 2.52, Reward 3.0, Avgloss 3.06, Avgreward 4.06, Epsilon 49.71, TotalStep 48556
Epoch 202: Loss 2.88, Reward 6.0, Avgloss 3.05, Avgreward 4.08, Epsilon 49.57, TotalStep 48773
Epoch 203: Loss 5.73, Reward 10.0, Avgloss 3.08, Avgreward 4.12, Epsilon 49.32, TotalStep 49178
Epoch 204: Loss 3.64, Reward 4.0, Avgloss 3.09, Avgreward 4.13, Epsilon 49.18, TotalStep 49409
Epoch 205: Loss 3.49, Reward 3.0, Avgloss 3.11, Avgreward 4.12, Epsilon 49.03, TotalStep 49656
Epoch 206: Loss 2.39, Reward 5.0, Avgloss 3.11, Avgreward 4.13, Epsilon 48.92, TotalStep 49833
Epoch 207: Loss 5.69, Reward 11.0, Avgloss 3.12, Avgreward 4.17, Epsilon 48.68, TotalStep 50223
Epoch 208: Loss 4.02, Reward 7.0, Avgloss 3.14, Avgreward 4.21, Epsilon 48.51, TotalStep 50516
Epoch 209: Loss 4.05, Reward 5.0, Avgloss 3.15, Avgreward 4.22, Epsilon 48.34, TotalStep 50786
Epoch 210: Loss 3.90, Reward 7.0, Avgloss 3.16, Avgreward 4.25, Epsilon 48.18, TotalStep 51058
Epoch 211: Loss 2.80, Reward 4.0, Avgloss 3.16, Avgreward 4.26, Epsilon 48.06, TotalStep 51261
Epoch 212: Loss 4.12, Reward 7.0, Avgloss 3.17, Avgreward 4.28, Epsilon 47.89, TotalStep 51537
Epoch 213: Loss 4.22, Reward 5.0, Avgloss 3.18, Avgreward 4.30, Epsilon 47.73, TotalStep 51808
Epoch 214: Loss 2.73, Reward 4.0, Avgloss 3.19, Avgreward 4.32, Epsilon 47.61, TotalStep 52013
Epoch 215: Loss 3.72, Reward 2.0, Avgloss 3.19, Avgreward 4.33, Epsilon 47.46, TotalStep 52271
Epoch 216: Loss 3.93, Reward 5.0, Avgloss 3.21, Avgreward 4.36, Epsilon 47.30, TotalStep 52540
Epoch 217: Loss 5.75, Reward 8.0, Avgloss 3.23, Avgreward 4.38, Epsilon 47.10, TotalStep 52879
Epoch 218: Loss 2.61, Reward 2.0, Avgloss 3.23, Avgreward 4.36, Epsilon 46.99, TotalStep 53066
Epoch 219: Loss 2.81, Reward 3.0, Avgloss 3.23, Avgreward 4.33, Epsilon 46.87, TotalStep 53273
Epoch 220: Loss 6.06, Reward 8.0, Avgloss 3.27, Avgreward 4.38, Epsilon 46.65, TotalStep 53658
Epoch 221: Loss 5.39, Reward 9.0, Avgloss 3.29, Avgreward 4.44, Epsilon 46.45, TotalStep 54003
Epoch 222: Loss 2.56, Reward 3.0, Avgloss 3.29, Avgreward 4.41, Epsilon 46.33, TotalStep 54198
Epoch 223: Loss 3.34, Reward 7.0, Avgloss 3.29, Avgreward 4.44, Epsilon 46.21, TotalStep 54415
Epoch 224: Loss 3.97, Reward 6.0, Avgloss 3.31, Avgreward 4.48, Epsilon 46.07, TotalStep 54654
Epoch 225: Loss 3.55, Reward 5.0, Avgloss 3.32, Avgreward 4.49, Epsilon 45.94, TotalStep 54887
Epoch 226: Loss 3.01, Reward 3.0, Avgloss 3.30, Avgreward 4.45, Epsilon 45.82, TotalStep 55092
Epoch 227: Loss 2.97, Reward 2.0, Avgloss 3.31, Avgreward 4.45, Epsilon 45.71, TotalStep 55294
Epoch 228: Loss 2.38, Reward 3.0, Avgloss 3.30, Avgreward 4.45, Epsilon 45.59, TotalStep 55496
Epoch 229: Loss 4.09, Reward 6.0, Avgloss 3.31, Avgreward 4.45, Epsilon 45.42, TotalStep 55790
Epoch 230: Loss 4.77, Reward 6.0, Avgloss 3.33, Avgreward 4.45, Epsilon 45.25, TotalStep 56106
Epoch 231: Loss 2.99, Reward 4.0, Avgloss 3.33, Avgreward 4.44, Epsilon 45.13, TotalStep 56313
Epoch 232: Loss 3.80, Reward 4.0, Avgloss 3.34, Avgreward 4.41, Epsilon 45.00, TotalStep 56548
Epoch 233: Loss 3.22, Reward 4.0, Avgloss 3.34, Avgreward 4.40, Epsilon 44.89, TotalStep 56740
Epoch 234: Loss 2.89, Reward 4.0, Avgloss 3.34, Avgreward 4.42, Epsilon 44.77, TotalStep 56956
Epoch 235: Loss 2.70, Reward 3.0, Avgloss 3.34, Avgreward 4.41, Epsilon 44.66, TotalStep 57160
Epoch 236: Loss 3.59, Reward 5.0, Avgloss 3.35, Avgreward 4.43, Epsilon 44.50, TotalStep 57440
Epoch 237: Loss 3.47, Reward 2.0, Avgloss 3.36, Avgreward 4.43, Epsilon 44.37, TotalStep 57678
Epoch 238: Loss 2.99, Reward 1.0, Avgloss 3.35, Avgreward 4.39, Epsilon 44.26, TotalStep 57882
Epoch 239: Loss 3.33, Reward 7.0, Avgloss 3.36, Avgreward 4.39, Epsilon 44.14, TotalStep 58095
Epoch 240: Loss 3.48, Reward 3.0, Avgloss 3.36, Avgreward 4.40, Epsilon 44.02, TotalStep 58308
Epoch 241: Loss 3.25, Reward 3.0, Avgloss 3.34, Avgreward 4.36, Epsilon 43.91, TotalStep 58513
Epoch 242: Loss 3.04, Reward 3.0, Avgloss 3.35, Avgreward 4.37, Epsilon 43.80, TotalStep 58717
Epoch 243: Loss 4.69, Reward 5.0, Avgloss 3.37, Avgreward 4.37, Epsilon 43.65, TotalStep 58991
Epoch 244: Loss 3.65, Reward 2.0, Avgloss 3.38, Avgreward 4.37, Epsilon 43.54, TotalStep 59198
Epoch 245: Loss 4.17, Reward 6.0, Avgloss 3.39, Avgreward 4.40, Epsilon 43.38, TotalStep 59480
Epoch 246: Loss 3.73, Reward 2.0, Avgloss 3.39, Avgreward 4.34, Epsilon 43.27, TotalStep 59689
Epoch 247: Loss 3.44, Reward 3.0, Avgloss 3.39, Avgreward 4.34, Epsilon 43.16, TotalStep 59896
Epoch 248: Loss 3.18, Reward 3.0, Avgloss 3.39, Avgreward 4.35, Epsilon 43.05, TotalStep 60106
Epoch 249: Loss 4.32, Reward 6.0, Avgloss 3.39, Avgreward 4.32, Epsilon 42.90, TotalStep 60374
Epoch 250: Loss 2.83, Reward 2.0, Avgloss 3.39, Avgreward 4.34, Epsilon 42.79, TotalStep 60580
Epoch 251: Loss 3.54, Reward 5.0, Avgloss 3.40, Avgreward 4.36, Epsilon 42.69, TotalStep 60783
Epoch 252: Loss 3.20, Reward 5.0, Avgloss 3.41, Avgreward 4.37, Epsilon 42.56, TotalStep 61017
Epoch 253: Loss 4.69, Reward 5.0, Avgloss 3.43, Avgreward 4.38, Epsilon 42.41, TotalStep 61312
Epoch 254: Loss 2.32, Reward 5.0, Avgloss 3.42, Avgreward 4.38, Epsilon 42.31, TotalStep 61491
Epoch 255: Loss 3.26, Reward 3.0, Avgloss 3.43, Avgreward 4.40, Epsilon 42.21, TotalStep 61691
Epoch 256: Loss 3.84, Reward 6.0, Avgloss 3.44, Avgreward 4.43, Epsilon 42.06, TotalStep 61972
Epoch 257: Loss 3.00, Reward 3.0, Avgloss 3.44, Avgreward 4.42, Epsilon 41.95, TotalStep 62180
Epoch 258: Loss 4.46, Reward 9.0, Avgloss 3.45, Avgreward 4.46, Epsilon 41.80, TotalStep 62474
Epoch 259: Loss 3.69, Reward 6.0, Avgloss 3.46, Avgreward 4.49, Epsilon 41.67, TotalStep 62713
Epoch 260: Loss 3.18, Reward 2.0, Avgloss 3.46, Avgreward 4.45, Epsilon 41.57, TotalStep 62918
Epoch 261: Loss 6.49, Reward 8.0, Avgloss 3.50, Avgreward 4.50, Epsilon 41.38, TotalStep 63285
Epoch 262: Loss 5.70, Reward 8.0, Avgloss 3.52, Avgreward 4.55, Epsilon 41.19, TotalStep 63648
Epoch 263: Loss 3.22, Reward 2.0, Avgloss 3.53, Avgreward 4.51, Epsilon 41.09, TotalStep 63850
Epoch 264: Loss 5.00, Reward 6.0, Avgloss 3.55, Avgreward 4.53, Epsilon 40.91, TotalStep 64194
Epoch 265: Loss 3.81, Reward 5.0, Avgloss 3.55, Avgreward 4.55, Epsilon 40.79, TotalStep 64436
Epoch 266: Loss 3.27, Reward 1.0, Avgloss 3.56, Avgreward 4.54, Epsilon 40.68, TotalStep 64656
Epoch 267: Loss 3.57, Reward 5.0, Avgloss 3.57, Avgreward 4.58, Epsilon 40.55, TotalStep 64902
Epoch 268: Loss 4.80, Reward 12.0, Avgloss 3.58, Avgreward 4.66, Epsilon 40.38, TotalStep 65251
Epoch 269: Loss 3.45, Reward 3.0, Avgloss 3.58, Avgreward 4.64, Epsilon 40.28, TotalStep 65450
Epoch 270: Loss 3.45, Reward 2.0, Avgloss 3.58, Avgreward 4.56, Epsilon 40.17, TotalStep 65658
Epoch 271: Loss 3.52, Reward 3.0, Avgloss 3.58, Avgreward 4.58, Epsilon 40.06, TotalStep 65874
Epoch 272: Loss 3.93, Reward 6.0, Avgloss 3.59, Avgreward 4.59, Epsilon 39.97, TotalStep 66072
Epoch 273: Loss 3.58, Reward 3.0, Avgloss 3.60, Avgreward 4.59, Epsilon 39.85, TotalStep 66299
Epoch 274: Loss 5.63, Reward 9.0, Avgloss 3.63, Avgreward 4.66, Epsilon 39.68, TotalStep 66652
[34m[1mwandb[39m[22m: [32m[41mERROR[39m[49m Error while calling W&B API: could not find agent c70h55sz during agentHeartbeat (<Response [404]>)
Exception in thread Thread-1 (_heartbeat):
Traceback (most recent call last):
  File "/root/micromamba/envs/asterix/lib/python3.10/site-packages/wandb/sdk/lib/retry.py", line 131, in __call__
    result = self._call_fn(*args, **kwargs)
  File "/root/micromamba/envs/asterix/lib/python3.10/site-packages/wandb/sdk/internal/internal_api.py", line 369, in execute
    return self.client.execute(*args, **kwargs)  # type: ignore
  File "/root/micromamba/envs/asterix/lib/python3.10/site-packages/wandb/vendor/gql-0.2.0/wandb_gql/client.py", line 52, in execute
    result = self._get_result(document, *args, **kwargs)
  File "/root/micromamba/envs/asterix/lib/python3.10/site-packages/wandb/vendor/gql-0.2.0/wandb_gql/client.py", line 60, in _get_result
    return self.transport.execute(document, *args, **kwargs)
  File "/root/micromamba/envs/asterix/lib/python3.10/site-packages/wandb/sdk/lib/gql_request.py", line 59, in execute
    request.raise_for_status()
  File "/root/micromamba/envs/asterix/lib/python3.10/site-packages/requests/models.py", line 1024, in raise_for_status
    raise HTTPError(http_error_msg, response=self)
requests.exceptions.HTTPError: 404 Client Error: Not Found for url: https://api.wandb.ai/graphql
During handling of the above exception, another exception occurred:
Traceback (most recent call last):
  File "/root/micromamba/envs/asterix/lib/python3.10/site-packages/wandb/sdk/internal/internal_api.py", line 2988, in agent_heartbeat
    response = self.gql(
  File "/root/micromamba/envs/asterix/lib/python3.10/site-packages/wandb/sdk/internal/internal_api.py", line 341, in gql
    ret = self._retry_gql(
  File "/root/micromamba/envs/asterix/lib/python3.10/site-packages/wandb/sdk/lib/retry.py", line 147, in __call__
    retry_timedelta_triggered = check_retry_fn(e)
  File "/root/micromamba/envs/asterix/lib/python3.10/site-packages/wandb/util.py", line 908, in no_retry_auth
    raise CommError(f"Permission denied to access {wandb.run.path}")
wandb.errors.CommError: Permission denied to access aa_p2/AA_Asterix_Optim/dia7uyj4
During handling of the above exception, another exception occurred:
Traceback (most recent call last):
  File "/root/micromamba/envs/asterix/lib/python3.10/threading.py", line 1016, in _bootstrap_inner
    self.run()
  File "/root/micromamba/envs/asterix/lib/python3.10/threading.py", line 953, in run
    self._target(*self._args, **self._kwargs)
  File "/root/micromamba/envs/asterix/lib/python3.10/site-packages/wandb/agents/pyagent.py", line 167, in _heartbeat
    commands = self._api.agent_heartbeat(self._agent_id, {}, run_status)
  File "/root/micromamba/envs/asterix/lib/python3.10/site-packages/wandb/apis/internal.py", line 153, in agent_heartbeat
    return self.api.agent_heartbeat(*args, **kwargs)
  File "/root/micromamba/envs/asterix/lib/python3.10/site-packages/wandb/sdk/internal/internal_api.py", line 2999, in agent_heartbeat
    message = ast.literal_eval(e.args[0])["message"]
  File "/root/micromamba/envs/asterix/lib/python3.10/ast.py", line 64, in literal_eval
    node_or_string = parse(node_or_string.lstrip(" \t"), mode='eval')
  File "/root/micromamba/envs/asterix/lib/python3.10/ast.py", line 50, in parse
    return compile(source, filename, mode, flags,
  File "<unknown>", line 1
    Permission denied to access aa_p2/AA_Asterix_Optim/dia7uyj4
               ^^^^^^
SyntaxError: invalid syntax
Epoch 275: Loss 3.78, Reward 8.0, Avgloss 3.62, Avgreward 4.64, Epsilon 39.56, TotalStep 66898
Epoch 276: Loss 3.54, Reward 5.0, Avgloss 3.63, Avgreward 4.67, Epsilon 39.44, TotalStep 67141
Epoch 277: Loss 3.51, Reward 4.0, Avgloss 3.64, Avgreward 4.69, Epsilon 39.32, TotalStep 67375
Epoch 278: Loss 4.91, Reward 6.0, Avgloss 3.66, Avgreward 4.70, Epsilon 39.17, TotalStep 67693
Epoch 279: Loss 3.28, Reward 2.0, Avgloss 3.67, Avgreward 4.67, Epsilon 39.07, TotalStep 67896
Epoch 280: Loss 3.70, Reward 2.0, Avgloss 3.67, Avgreward 4.66, Epsilon 38.97, TotalStep 68099
Epoch 281: Loss 3.59, Reward 3.0, Avgloss 3.68, Avgreward 4.67, Epsilon 38.87, TotalStep 68306
Epoch 282: Loss 6.70, Reward 12.0, Avgloss 3.72, Avgreward 4.75, Epsilon 38.65, TotalStep 68753
Epoch 283: Loss 3.00, Reward 3.0, Avgloss 3.72, Avgreward 4.73, Epsilon 38.56, TotalStep 68950
Epoch 284: Loss 3.42, Reward 4.0, Avgloss 3.72, Avgreward 4.70, Epsilon 38.45, TotalStep 69181
Epoch 285: Loss 3.61, Reward 3.0, Avgloss 3.73, Avgreward 4.72, Epsilon 38.35, TotalStep 69379
Epoch 286: Loss 6.16, Reward 7.0, Avgloss 3.77, Avgreward 4.76, Epsilon 38.19, TotalStep 69726
Epoch 287: Loss 4.90, Reward 7.0, Avgloss 3.78, Avgreward 4.81, Epsilon 38.04, TotalStep 70039
Epoch 288: Loss 5.30, Reward 5.0, Avgloss 3.81, Avgreward 4.83, Epsilon 37.90, TotalStep 70343
Epoch 289: Loss 3.32, Reward 6.0, Avgloss 3.81, Avgreward 4.86, Epsilon 37.80, TotalStep 70544
Epoch 290: Loss 2.69, Reward 2.0, Avgloss 3.79, Avgreward 4.81, Epsilon 37.72, TotalStep 70715
Epoch 291: Loss 3.97, Reward 6.0, Avgloss 3.79, Avgreward 4.82, Epsilon 37.60, TotalStep 70963
Epoch 292: Loss 3.32, Reward 4.0, Avgloss 3.78, Avgreward 4.74, Epsilon 37.52, TotalStep 71153
Epoch 293: Loss 5.84, Reward 7.0, Avgloss 3.80, Avgreward 4.78, Epsilon 37.37, TotalStep 71471
Epoch 294: Loss 4.79, Reward 8.0, Avgloss 3.82, Avgreward 4.86, Epsilon 37.21, TotalStep 71807
Epoch 295: Loss 4.53, Reward 5.0, Avgloss 3.83, Avgreward 4.88, Epsilon 37.08, TotalStep 72099
Epoch 296: Loss 3.54, Reward 2.0, Avgloss 3.82, Avgreward 4.83, Epsilon 36.96, TotalStep 72343
Epoch 297: Loss 4.05, Reward 4.0, Avgloss 3.81, Avgreward 4.78, Epsilon 36.86, TotalStep 72577
Epoch 298: Loss 2.67, Reward 2.0, Avgloss 3.81, Avgreward 4.78, Epsilon 36.78, TotalStep 72754
Epoch 299: Loss 2.99, Reward 5.0, Avgloss 3.81, Avgreward 4.81, Epsilon 36.68, TotalStep 72968
Epoch 300: Loss 4.00, Reward 8.0, Avgloss 3.82, Avgreward 4.83, Epsilon 36.55, TotalStep 73250
Epoch 301: Loss 4.67, Reward 6.0, Avgloss 3.84, Avgreward 4.86, Epsilon 36.43, TotalStep 73523
Epoch 302: Loss 2.97, Reward 5.0, Avgloss 3.84, Avgreward 4.85, Epsilon 36.33, TotalStep 73723
Epoch 303: Loss 2.83, Reward 3.0, Avgloss 3.81, Avgreward 4.78, Epsilon 36.24, TotalStep 73928
Epoch 304: Loss 3.23, Reward 2.0, Avgloss 3.81, Avgreward 4.76, Epsilon 36.15, TotalStep 74136
Epoch 305: Loss 3.87, Reward 3.0, Avgloss 3.81, Avgreward 4.76, Epsilon 36.04, TotalStep 74376
Epoch 306: Loss 3.84, Reward 6.0, Avgloss 3.82, Avgreward 4.77, Epsilon 35.94, TotalStep 74607
Epoch 307: Loss 3.76, Reward 5.0, Avgloss 3.80, Avgreward 4.71, Epsilon 35.84, TotalStep 74819
Epoch 308: Loss 3.60, Reward 2.0, Avgloss 3.80, Avgreward 4.66, Epsilon 35.75, TotalStep 75035
Epoch 309: Loss 3.32, Reward 3.0, Avgloss 3.79, Avgreward 4.64, Epsilon 35.65, TotalStep 75246
Epoch 310: Loss 4.15, Reward 5.0, Avgloss 3.80, Avgreward 4.62, Epsilon 35.54, TotalStep 75491
Epoch 311: Loss 5.02, Reward 6.0, Avgloss 3.82, Avgreward 4.64, Epsilon 35.41, TotalStep 75803
Epoch 312: Loss 4.20, Reward 4.0, Avgloss 3.82, Avgreward 4.61, Epsilon 35.30, TotalStep 76040
Epoch 313: Loss 3.39, Reward 4.0, Avgloss 3.81, Avgreward 4.60, Epsilon 35.21, TotalStep 76249
Epoch 314: Loss 2.94, Reward 3.0, Avgloss 3.81, Avgreward 4.59, Epsilon 35.13, TotalStep 76437
Epoch 315: Loss 3.33, Reward 3.0, Avgloss 3.81, Avgreward 4.60, Epsilon 35.04, TotalStep 76643
Epoch 316: Loss 4.26, Reward 4.0, Avgloss 3.81, Avgreward 4.59, Epsilon 34.92, TotalStep 76915
Epoch 317: Loss 3.81, Reward 2.0, Avgloss 3.79, Avgreward 4.53, Epsilon 34.83, TotalStep 77121
Epoch 318: Loss 2.81, Reward 2.0, Avgloss 3.79, Avgreward 4.53, Epsilon 34.76, TotalStep 77288
Epoch 319: Loss 5.36, Reward 6.0, Avgloss 3.82, Avgreward 4.56, Epsilon 34.61, TotalStep 77633
Epoch 320: Loss 4.41, Reward 6.0, Avgloss 3.80, Avgreward 4.54, Epsilon 34.50, TotalStep 77887
Epoch 321: Loss 6.65, Reward 14.0, Avgloss 3.82, Avgreward 4.59, Epsilon 34.32, TotalStep 78309
Epoch 322: Loss 3.48, Reward 2.0, Avgloss 3.82, Avgreward 4.58, Epsilon 34.23, TotalStep 78517
[34m[1mwandb[39m[22m: Ctrl + C detected. Stopping sweep.