
Warming up...
Eval epoch 0: Reward 4.0
Epoch 0: Loss 1.74, Reward 3.0, Avgloss 1.74, Avgreward 3.00, Epsilon 5.75, TotalStep 208
Epoch 1: Loss 2.61, Reward 5.0, Avgloss 2.18, Avgreward 4.00, Epsilon 5.38, TotalStep 523
Epoch 2: Loss 1.74, Reward 4.0, Avgloss 2.03, Avgreward 4.00, Epsilon 5.15, TotalStep 740
Epoch 3: Loss 1.52, Reward 4.0, Avgloss 1.90, Avgreward 4.00, Epsilon 4.94, TotalStep 940
Epoch 4: Loss 1.83, Reward 2.0, Avgloss 1.89, Avgreward 3.60, Epsilon 4.73, TotalStep 1145
Epoch 5: Loss 1.76, Reward 3.0, Avgloss 1.87, Avgreward 3.50, Epsilon 4.54, TotalStep 1352
Epoch 6: Loss 3.00, Reward 11.0, Avgloss 2.03, Avgreward 4.57, Epsilon 4.22, TotalStep 1699
Epoch 7: Loss 2.41, Reward 7.0, Avgloss 2.08, Avgreward 4.88, Epsilon 3.98, TotalStep 1988
Epoch 8: Loss 1.99, Reward 6.0, Avgloss 2.07, Avgreward 5.00, Epsilon 3.80, TotalStep 2210
Epoch 9: Loss 1.52, Reward 4.0, Avgloss 2.01, Avgreward 4.90, Epsilon 3.66, TotalStep 2393
Epoch 10: Loss 2.19, Reward 4.0, Avgloss 2.03, Avgreward 4.82, Epsilon 3.48, TotalStep 2633
Epoch 11: Loss 1.73, Reward 3.0, Avgloss 2.00, Avgreward 4.67, Epsilon 3.35, TotalStep 2816
Epoch 12: Loss 1.68, Reward 2.0, Avgloss 1.98, Avgreward 4.46, Epsilon 3.22, TotalStep 3005
Epoch 13: Loss 1.48, Reward 6.0, Avgloss 1.94, Avgreward 4.57, Epsilon 3.09, TotalStep 3206
Epoch 14: Loss 1.90, Reward 2.0, Avgloss 1.94, Avgreward 4.40, Epsilon 2.96, TotalStep 3423
Epoch 15: Loss 2.02, Reward 5.0, Avgloss 1.94, Avgreward 4.44, Epsilon 2.83, TotalStep 3633
Epoch 16: Loss 1.71, Reward 4.0, Avgloss 1.93, Avgreward 4.41, Epsilon 2.71, TotalStep 3840
Epoch 17: Loss 1.98, Reward 2.0, Avgloss 1.93, Avgreward 4.28, Epsilon 2.60, TotalStep 4055
Epoch 18: Loss 3.51, Reward 9.0, Avgloss 2.02, Avgreward 4.53, Epsilon 2.40, TotalStep 4432
Epoch 19: Loss 1.73, Reward 2.0, Avgloss 2.00, Avgreward 4.40, Epsilon 2.30, TotalStep 4639
Epoch 20: Loss 1.82, Reward 5.0, Avgloss 1.99, Avgreward 4.43, Epsilon 2.21, TotalStep 4845
Epoch 21: Loss 2.50, Reward 5.0, Avgloss 2.02, Avgreward 4.45, Epsilon 2.09, TotalStep 5121
Epoch 22: Loss 1.99, Reward 1.0, Avgloss 2.02, Avgreward 4.30, Epsilon 2.00, TotalStep 5330
Epoch 23: Loss 2.24, Reward 2.0, Avgloss 2.03, Avgreward 4.21, Epsilon 1.91, TotalStep 5547
Epoch 24: Loss 2.01, Reward 5.0, Avgloss 2.02, Avgreward 4.24, Epsilon 1.82, TotalStep 5787
Epoch 25: Loss 1.96, Reward 6.0, Avgloss 2.02, Avgreward 4.31, Epsilon 1.73, TotalStep 6026
Epoch 26: Loss 2.03, Reward 5.0, Avgloss 2.02, Avgreward 4.33, Epsilon 1.66, TotalStep 6237
Epoch 27: Loss 2.90, Reward 9.0, Avgloss 2.05, Avgreward 4.50, Epsilon 1.56, TotalStep 6549
Epoch 28: Loss 2.10, Reward 3.0, Avgloss 2.06, Avgreward 4.45, Epsilon 1.49, TotalStep 6755
Epoch 29: Loss 2.32, Reward 6.0, Avgloss 2.06, Avgreward 4.50, Epsilon 1.42, TotalStep 7004
Epoch 30: Loss 1.88, Reward 3.0, Avgloss 2.06, Avgreward 4.45, Epsilon 1.36, TotalStep 7217
Epoch 31: Loss 3.08, Reward 7.0, Avgloss 2.09, Avgreward 4.53, Epsilon 1.27, TotalStep 7565
Epoch 32: Loss 1.92, Reward 3.0, Avgloss 2.09, Avgreward 4.48, Epsilon 1.22, TotalStep 7756
Epoch 33: Loss 2.43, Reward 4.0, Avgloss 2.10, Avgreward 4.47, Epsilon 1.15, TotalStep 8020
Epoch 34: Loss 4.10, Reward 12.0, Avgloss 2.15, Avgreward 4.69, Epsilon 1.06, TotalStep 8453
Epoch 35: Loss 2.35, Reward 3.0, Avgloss 2.16, Avgreward 4.64, Epsilon 1.01, TotalStep 8686
Epoch 36: Loss 2.83, Reward 4.0, Avgloss 2.18, Avgreward 4.62, Epsilon 0.96, TotalStep 8954
Epoch 37: Loss 2.81, Reward 9.0, Avgloss 2.19, Avgreward 4.74, Epsilon 0.90, TotalStep 9237
Epoch 38: Loss 2.06, Reward 5.0, Avgloss 2.19, Avgreward 4.74, Epsilon 0.87, TotalStep 9445
Epoch 39: Loss 1.77, Reward 3.0, Avgloss 2.18, Avgreward 4.70, Epsilon 0.83, TotalStep 9646
Epoch 40: Loss 2.01, Reward 1.0, Avgloss 2.18, Avgreward 4.61, Epsilon 0.80, TotalStep 9855
Epoch 41: Loss 2.16, Reward 5.0, Avgloss 2.18, Avgreward 4.62, Epsilon 0.76, TotalStep 10062
Epoch 42: Loss 2.50, Reward 4.0, Avgloss 2.18, Avgreward 4.60, Epsilon 0.72, TotalStep 10335
Epoch 43: Loss 2.37, Reward 4.0, Avgloss 2.19, Avgreward 4.59, Epsilon 0.69, TotalStep 10563
Epoch 44: Loss 1.40, Reward 3.0, Avgloss 2.17, Avgreward 4.56, Epsilon 0.67, TotalStep 10734
Epoch 45: Loss 2.29, Reward 2.0, Avgloss 2.17, Avgreward 4.50, Epsilon 0.64, TotalStep 10966
Epoch 46: Loss 3.49, Reward 8.0, Avgloss 2.20, Avgreward 4.57, Epsilon 0.60, TotalStep 11278
Epoch 47: Loss 1.87, Reward 2.0, Avgloss 2.19, Avgreward 4.52, Epsilon 0.58, TotalStep 11490
Epoch 48: Loss 5.16, Reward 15.0, Avgloss 2.25, Avgreward 4.73, Epsilon 0.52, TotalStep 12002
Epoch 49: Loss 2.51, Reward 3.0, Avgloss 2.26, Avgreward 4.70, Epsilon 0.49, TotalStep 12287
Epoch 50: Loss 1.93, Reward 2.0, Avgloss 2.25, Avgreward 4.65, Epsilon 0.47, TotalStep 12524
Epoch 51: Loss 2.00, Reward 4.0, Avgloss 2.25, Avgreward 4.63, Epsilon 0.45, TotalStep 12751
Epoch 52: Loss 1.86, Reward 1.0, Avgloss 2.24, Avgreward 4.57, Epsilon 0.43, TotalStep 12955
Epoch 53: Loss 2.28, Reward 4.0, Avgloss 2.24, Avgreward 4.56, Epsilon 0.41, TotalStep 13198
Epoch 54: Loss 2.99, Reward 7.0, Avgloss 2.25, Avgreward 4.60, Epsilon 0.39, TotalStep 13501
Epoch 55: Loss 3.08, Reward 4.0, Avgloss 2.27, Avgreward 4.59, Epsilon 0.37, TotalStep 13800
Epoch 56: Loss 2.03, Reward 2.0, Avgloss 2.26, Avgreward 4.54, Epsilon 0.35, TotalStep 13999
Epoch 57: Loss 2.30, Reward 3.0, Avgloss 2.27, Avgreward 4.52, Epsilon 0.34, TotalStep 14240
Epoch 58: Loss 1.88, Reward 5.0, Avgloss 2.26, Avgreward 4.53, Epsilon 0.33, TotalStep 14448
Epoch 59: Loss 1.91, Reward 2.0, Avgloss 2.25, Avgreward 4.48, Epsilon 0.31, TotalStep 14671
Epoch 60: Loss 2.44, Reward 6.0, Avgloss 2.26, Avgreward 4.51, Epsilon 0.30, TotalStep 14926
Epoch 61: Loss 1.76, Reward 4.0, Avgloss 2.25, Avgreward 4.50, Epsilon 0.29, TotalStep 15114
Epoch 62: Loss 2.90, Reward 4.0, Avgloss 2.26, Avgreward 4.49, Epsilon 0.27, TotalStep 15412
Epoch 63: Loss 3.50, Reward 8.0, Avgloss 2.28, Avgreward 4.55, Epsilon 0.25, TotalStep 15799
Epoch 64: Loss 4.31, Reward 13.0, Avgloss 2.31, Avgreward 4.68, Epsilon 0.23, TotalStep 16291
Epoch 65: Loss 2.43, Reward 4.0, Avgloss 2.31, Avgreward 4.67, Epsilon 0.22, TotalStep 16564
Epoch 66: Loss 3.18, Reward 5.0, Avgloss 2.32, Avgreward 4.67, Epsilon 0.21, TotalStep 16905
Epoch 67: Loss 2.39, Reward 3.0, Avgloss 2.32, Avgreward 4.65, Epsilon 0.20, TotalStep 17173
Epoch 68: Loss 2.05, Reward 2.0, Avgloss 2.32, Avgreward 4.61, Epsilon 0.19, TotalStep 17370
Epoch 69: Loss 2.16, Reward 2.0, Avgloss 2.32, Avgreward 4.57, Epsilon 0.18, TotalStep 17610
Epoch 70: Loss 2.06, Reward 4.0, Avgloss 2.32, Avgreward 4.56, Epsilon 0.18, TotalStep 17840
Epoch 71: Loss 2.27, Reward 2.0, Avgloss 2.31, Avgreward 4.53, Epsilon 0.17, TotalStep 18054
Epoch 72: Loss 1.80, Reward 3.0, Avgloss 2.31, Avgreward 4.51, Epsilon 0.16, TotalStep 18255
Epoch 73: Loss 2.26, Reward 7.0, Avgloss 2.31, Avgreward 4.54, Epsilon 0.16, TotalStep 18498
Epoch 74: Loss 2.43, Reward 5.0, Avgloss 2.31, Avgreward 4.55, Epsilon 0.15, TotalStep 18767
Epoch 75: Loss 1.94, Reward 3.0, Avgloss 2.30, Avgreward 4.53, Epsilon 0.15, TotalStep 18970
Epoch 76: Loss 1.86, Reward 1.0, Avgloss 2.30, Avgreward 4.48, Epsilon 0.14, TotalStep 19166
Epoch 77: Loss 1.73, Reward 2.0, Avgloss 2.29, Avgreward 4.45, Epsilon 0.14, TotalStep 19362
Epoch 78: Loss 2.77, Reward 5.0, Avgloss 2.30, Avgreward 4.46, Epsilon 0.13, TotalStep 19692
Epoch 79: Loss 4.32, Reward 11.0, Avgloss 2.32, Avgreward 4.54, Epsilon 0.12, TotalStep 20145
Epoch 80: Loss 1.40, Reward 3.0, Avgloss 2.31, Avgreward 4.52, Epsilon 0.12, TotalStep 20320
Epoch 81: Loss 3.30, Reward 7.0, Avgloss 2.32, Avgreward 4.55, Epsilon 0.11, TotalStep 20682
Epoch 82: Loss 1.71, Reward 0.0, Avgloss 2.32, Avgreward 4.49, Epsilon 0.11, TotalStep 20884
Epoch 83: Loss 2.32, Reward 4.0, Avgloss 2.32, Avgreward 4.49, Epsilon 0.10, TotalStep 21143
Epoch 84: Loss 3.21, Reward 7.0, Avgloss 2.33, Avgreward 4.52, Epsilon 0.10, TotalStep 21481
Epoch 85: Loss 2.18, Reward 2.0, Avgloss 2.32, Avgreward 4.49, Epsilon 0.10, TotalStep 21693
Epoch 86: Loss 2.41, Reward 3.0, Avgloss 2.32, Avgreward 4.47, Epsilon 0.09, TotalStep 21939
Epoch 87: Loss 2.06, Reward 3.0, Avgloss 2.32, Avgreward 4.45, Epsilon 0.09, TotalStep 22160
Epoch 88: Loss 1.58, Reward 1.0, Avgloss 2.31, Avgreward 4.42, Epsilon 0.09, TotalStep 22350
Epoch 89: Loss 1.99, Reward 4.0, Avgloss 2.31, Avgreward 4.41, Epsilon 0.08, TotalStep 22583
Epoch 90: Loss 3.73, Reward 12.0, Avgloss 2.33, Avgreward 4.49, Epsilon 0.08, TotalStep 22949
Epoch 91: Loss 2.22, Reward 3.0, Avgloss 2.32, Avgreward 4.48, Epsilon 0.08, TotalStep 23184
Epoch 92: Loss 5.53, Reward 13.0, Avgloss 2.36, Avgreward 4.57, Epsilon 0.07, TotalStep 23761
Epoch 93: Loss 3.24, Reward 5.0, Avgloss 2.37, Avgreward 4.57, Epsilon 0.07, TotalStep 24067
Epoch 94: Loss 2.31, Reward 4.0, Avgloss 2.37, Avgreward 4.57, Epsilon 0.07, TotalStep 24314
Epoch 95: Loss 2.11, Reward 2.0, Avgloss 2.36, Avgreward 4.54, Epsilon 0.07, TotalStep 24515
Epoch 96: Loss 2.47, Reward 4.0, Avgloss 2.37, Avgreward 4.54, Epsilon 0.06, TotalStep 24790
Epoch 97: Loss 1.82, Reward 2.0, Avgloss 2.36, Avgreward 4.51, Epsilon 0.06, TotalStep 24991
Epoch 98: Loss 2.23, Reward 3.0, Avgloss 2.36, Avgreward 4.49, Epsilon 0.06, TotalStep 25199
Epoch 99: Loss 2.56, Reward 2.0, Avgloss 2.36, Avgreward 4.47, Epsilon 0.06, TotalStep 25489
Epoch 100: Loss 4.41, Reward 14.0, Avgloss 2.39, Avgreward 4.58, Epsilon 0.06, TotalStep 25928
Epoch 101: Loss 2.60, Reward 5.0, Avgloss 2.39, Avgreward 4.58, Epsilon 0.06, TotalStep 26197
Epoch 102: Loss 2.25, Reward 4.0, Avgloss 2.39, Avgreward 4.58, Epsilon 0.06, TotalStep 26432
Epoch 103: Loss 2.21, Reward 1.0, Avgloss 2.40, Avgreward 4.55, Epsilon 0.05, TotalStep 26653
Epoch 104: Loss 2.62, Reward 6.0, Avgloss 2.41, Avgreward 4.59, Epsilon 0.05, TotalStep 26950
Epoch 105: Loss 2.10, Reward 2.0, Avgloss 2.41, Avgreward 4.58, Epsilon 0.05, TotalStep 27149
Epoch 106: Loss 3.41, Reward 6.0, Avgloss 2.42, Avgreward 4.53, Epsilon 0.05, TotalStep 27497
Epoch 107: Loss 2.05, Reward 3.0, Avgloss 2.41, Avgreward 4.49, Epsilon 0.05, TotalStep 27734
Epoch 108: Loss 2.10, Reward 1.0, Avgloss 2.41, Avgreward 4.44, Epsilon 0.05, TotalStep 27935
Epoch 109: Loss 1.62, Reward 2.0, Avgloss 2.41, Avgreward 4.42, Epsilon 0.05, TotalStep 28134
[34m[1mwandb[39m[22m: [32m[41mERROR[39m[49m Error while calling W&B API: could not find agent ff0hmddm during agentHeartbeat (<Response [404]>)
Exception in thread Thread-1 (_heartbeat):
Traceback (most recent call last):
  File "/root/micromamba/envs/asterix/lib/python3.10/site-packages/wandb/sdk/lib/retry.py", line 131, in __call__
    result = self._call_fn(*args, **kwargs)
  File "/root/micromamba/envs/asterix/lib/python3.10/site-packages/wandb/sdk/internal/internal_api.py", line 369, in execute
    return self.client.execute(*args, **kwargs)  # type: ignore
  File "/root/micromamba/envs/asterix/lib/python3.10/site-packages/wandb/vendor/gql-0.2.0/wandb_gql/client.py", line 52, in execute
    result = self._get_result(document, *args, **kwargs)
  File "/root/micromamba/envs/asterix/lib/python3.10/site-packages/wandb/vendor/gql-0.2.0/wandb_gql/client.py", line 60, in _get_result
    return self.transport.execute(document, *args, **kwargs)
  File "/root/micromamba/envs/asterix/lib/python3.10/site-packages/wandb/sdk/lib/gql_request.py", line 59, in execute
    request.raise_for_status()
  File "/root/micromamba/envs/asterix/lib/python3.10/site-packages/requests/models.py", line 1024, in raise_for_status
    raise HTTPError(http_error_msg, response=self)
requests.exceptions.HTTPError: 404 Client Error: Not Found for url: https://api.wandb.ai/graphql
During handling of the above exception, another exception occurred:
Traceback (most recent call last):
  File "/root/micromamba/envs/asterix/lib/python3.10/site-packages/wandb/sdk/internal/internal_api.py", line 2988, in agent_heartbeat
    response = self.gql(
  File "/root/micromamba/envs/asterix/lib/python3.10/site-packages/wandb/sdk/internal/internal_api.py", line 341, in gql
    ret = self._retry_gql(
  File "/root/micromamba/envs/asterix/lib/python3.10/site-packages/wandb/sdk/lib/retry.py", line 147, in __call__
    retry_timedelta_triggered = check_retry_fn(e)
  File "/root/micromamba/envs/asterix/lib/python3.10/site-packages/wandb/util.py", line 908, in no_retry_auth
    raise CommError(f"Permission denied to access {wandb.run.path}")
wandb.errors.CommError: Permission denied to access aa_p2/AA_Asterix_Optim/1bh3uljz
During handling of the above exception, another exception occurred:
Traceback (most recent call last):
  File "/root/micromamba/envs/asterix/lib/python3.10/threading.py", line 1016, in _bootstrap_inner
    self.run()
  File "/root/micromamba/envs/asterix/lib/python3.10/threading.py", line 953, in run
    self._target(*self._args, **self._kwargs)
  File "/root/micromamba/envs/asterix/lib/python3.10/site-packages/wandb/agents/pyagent.py", line 167, in _heartbeat
    commands = self._api.agent_heartbeat(self._agent_id, {}, run_status)
  File "/root/micromamba/envs/asterix/lib/python3.10/site-packages/wandb/apis/internal.py", line 153, in agent_heartbeat
    return self.api.agent_heartbeat(*args, **kwargs)
  File "/root/micromamba/envs/asterix/lib/python3.10/site-packages/wandb/sdk/internal/internal_api.py", line 2999, in agent_heartbeat
    message = ast.literal_eval(e.args[0])["message"]
  File "/root/micromamba/envs/asterix/lib/python3.10/ast.py", line 64, in literal_eval
    node_or_string = parse(node_or_string.lstrip(" \t"), mode='eval')
  File "/root/micromamba/envs/asterix/lib/python3.10/ast.py", line 50, in parse
    return compile(source, filename, mode, flags,
  File "<unknown>", line 1
    Permission denied to access aa_p2/AA_Asterix_Optim/1bh3uljz
                                                       ^
SyntaxError: invalid decimal literal
Epoch 110: Loss 2.02, Reward 1.0, Avgloss 2.41, Avgreward 4.39, Epsilon 0.05, TotalStep 28356
Epoch 111: Loss 2.41, Reward 2.0, Avgloss 2.42, Avgreward 4.38, Epsilon 0.05, TotalStep 28628
Epoch 112: Loss 3.38, Reward 4.0, Avgloss 2.44, Avgreward 4.40, Epsilon 0.05, TotalStep 28985
Epoch 113: Loss 2.34, Reward 6.0, Avgloss 2.44, Avgreward 4.40, Epsilon 0.04, TotalStep 29255
Epoch 114: Loss 2.61, Reward 7.0, Avgloss 2.45, Avgreward 4.45, Epsilon 0.04, TotalStep 29544
Epoch 115: Loss 2.71, Reward 8.0, Avgloss 2.46, Avgreward 4.48, Epsilon 0.04, TotalStep 29866
Epoch 116: Loss 2.00, Reward 2.0, Avgloss 2.46, Avgreward 4.46, Epsilon 0.04, TotalStep 30077
Epoch 117: Loss 2.44, Reward 2.0, Avgloss 2.47, Avgreward 4.46, Epsilon 0.04, TotalStep 30325
Epoch 118: Loss 2.60, Reward 2.0, Avgloss 2.46, Avgreward 4.39, Epsilon 0.04, TotalStep 30626
Epoch 119: Loss 2.21, Reward 9.0, Avgloss 2.46, Avgreward 4.46, Epsilon 0.04, TotalStep 30897
Epoch 120: Loss 2.02, Reward 3.0, Avgloss 2.46, Avgreward 4.44, Epsilon 0.04, TotalStep 31094
Epoch 121: Loss 2.39, Reward 4.0, Avgloss 2.46, Avgreward 4.43, Epsilon 0.04, TotalStep 31340
Epoch 122: Loss 2.06, Reward 1.0, Avgloss 2.46, Avgreward 4.43, Epsilon 0.04, TotalStep 31526
Epoch 123: Loss 2.78, Reward 9.0, Avgloss 2.47, Avgreward 4.50, Epsilon 0.04, TotalStep 31846
Epoch 124: Loss 1.99, Reward 2.0, Avgloss 2.47, Avgreward 4.47, Epsilon 0.04, TotalStep 32057
Epoch 125: Loss 2.10, Reward 1.0, Avgloss 2.47, Avgreward 4.42, Epsilon 0.04, TotalStep 32281
Epoch 126: Loss 1.68, Reward 1.0, Avgloss 2.47, Avgreward 4.38, Epsilon 0.04, TotalStep 32478
Epoch 127: Loss 1.79, Reward 2.0, Avgloss 2.45, Avgreward 4.31, Epsilon 0.04, TotalStep 32689
Epoch 128: Loss 1.79, Reward 2.0, Avgloss 2.45, Avgreward 4.30, Epsilon 0.04, TotalStep 32887
Epoch 129: Loss 2.54, Reward 5.0, Avgloss 2.45, Avgreward 4.29, Epsilon 0.04, TotalStep 33166
Epoch 130: Loss 2.09, Reward 1.0, Avgloss 2.46, Avgreward 4.27, Epsilon 0.04, TotalStep 33389
Epoch 131: Loss 2.36, Reward 5.0, Avgloss 2.45, Avgreward 4.25, Epsilon 0.04, TotalStep 33646
Epoch 132: Loss 2.93, Reward 6.0, Avgloss 2.46, Avgreward 4.28, Epsilon 0.04, TotalStep 34003
Epoch 133: Loss 3.03, Reward 4.0, Avgloss 2.46, Avgreward 4.28, Epsilon 0.04, TotalStep 34291
Epoch 134: Loss 2.53, Reward 2.0, Avgloss 2.45, Avgreward 4.18, Epsilon 0.04, TotalStep 34579
Epoch 135: Loss 3.22, Reward 6.0, Avgloss 2.46, Avgreward 4.21, Epsilon 0.03, TotalStep 34943
Epoch 136: Loss 1.93, Reward 1.0, Avgloss 2.45, Avgreward 4.18, Epsilon 0.03, TotalStep 35158
Epoch 137: Loss 2.16, Reward 5.0, Avgloss 2.44, Avgreward 4.14, Epsilon 0.03, TotalStep 35391
Epoch 138: Loss 2.92, Reward 7.0, Avgloss 2.45, Avgreward 4.16, Epsilon 0.03, TotalStep 35718
Epoch 139: Loss 2.33, Reward 2.0, Avgloss 2.46, Avgreward 4.15, Epsilon 0.03, TotalStep 35956
Epoch 140: Loss 2.02, Reward 4.0, Avgloss 2.46, Avgreward 4.18, Epsilon 0.03, TotalStep 36173
Epoch 141: Loss 2.34, Reward 1.0, Avgloss 2.46, Avgreward 4.14, Epsilon 0.03, TotalStep 36426
Epoch 142: Loss 2.59, Reward 8.0, Avgloss 2.46, Avgreward 4.18, Epsilon 0.03, TotalStep 36708
Epoch 143: Loss 1.52, Reward 1.0, Avgloss 2.45, Avgreward 4.15, Epsilon 0.03, TotalStep 36872
[34m[1mwandb[39m[22m: Ctrl + C detected. Stopping sweep.